Arabic>>windows-1256
Baltic>>windows-1257
Chinese>>csbig5
Cyrlic>>windows-1251
EastEurope>>windows-1250
Greek>>windows-1253
Hebrew>>windows-1255
Macedonian>>windows-1251
Portuguese>>windows-1252
Spanish>>iso-8859-1
Turkish>>windows-1254
Vietnamese>>windows-1258
WestEurope>>windows-1252
us-ascii
csbig5
hkscs
IBM039
IBM424
IBM437
IBM500
IBM775
IBM850
IBM852
IBM855
IBM857
IBM860
IBM861
IBM862
IBM863
IBM864
IBM865
IBM866
IBM869
ms-kanji
uhc
ms950
ibm1026
ibm1140
u-jis
eucjis2004
eucjisx0213
ksx1001
ms936
gb18030-2000
hz-gb-2312
iso-2022-jp
iso-2022-jp-1
iso-2022-jp-2
iso-2022-jp-2004
iso-2022-jp-3
iso-2022-jp-ext
iso-2022-kr
latin1
latin2, L2
iso-8859-3
iso-8859-4
iso-8859-5
iso-8859-6
iso-8859-7
iso-8859-8
iso-8859-9
iso-8859-10
iso-8859-13
iso-8859-14
iso-8859-15
cp1361
maccyrillic
macgreek
maciceland
maccentraleurope
macroman
macturkish